mode: atomic
github.com/ax-vasquez/wedding-site-api/controllers/controllers.go:20.31,24.2 3 4
github.com/ax-vasquez/wedding-site-api/controllers/controllers.go:24.2,40.3 15 4
github.com/ax-vasquez/wedding-site-api/controllers/controllers.go:42.2,42.10 1 4
github.com/ax-vasquez/wedding-site-api/controllers/controllers.go:45.26,48.2 2 0
github.com/ax-vasquez/wedding-site-api/controllers/entree_controller.go:27.33,34.16 6 3
github.com/ax-vasquez/wedding-site-api/controllers/entree_controller.go:34.16,37.17 3 1
github.com/ax-vasquez/wedding-site-api/controllers/entree_controller.go:37.17,39.4 1 0
github.com/ax-vasquez/wedding-site-api/controllers/entree_controller.go:41.8,43.17 2 2
github.com/ax-vasquez/wedding-site-api/controllers/entree_controller.go:43.17,45.4 1 0
github.com/ax-vasquez/wedding-site-api/controllers/entree_controller.go:45.9,47.4 1 2
github.com/ax-vasquez/wedding-site-api/controllers/entree_controller.go:49.2,51.26 3 3
github.com/ax-vasquez/wedding-site-api/controllers/entree_controller.go:59.35,64.57 4 1
github.com/ax-vasquez/wedding-site-api/controllers/entree_controller.go:64.57,67.3 2 0
github.com/ax-vasquez/wedding-site-api/controllers/entree_controller.go:67.8,69.17 2 1
github.com/ax-vasquez/wedding-site-api/controllers/entree_controller.go:69.17,73.4 3 0
github.com/ax-vasquez/wedding-site-api/controllers/entree_controller.go:73.9,77.4 3 1
github.com/ax-vasquez/wedding-site-api/controllers/entree_controller.go:79.2,80.26 2 1
github.com/ax-vasquez/wedding-site-api/controllers/entree_controller.go:84.35,90.16 5 1
github.com/ax-vasquez/wedding-site-api/controllers/entree_controller.go:90.16,93.3 2 0
github.com/ax-vasquez/wedding-site-api/controllers/entree_controller.go:93.8,99.3 3 1
github.com/ax-vasquez/wedding-site-api/controllers/entree_controller.go:100.2,101.26 2 1
github.com/ax-vasquez/wedding-site-api/controllers/hors_doeuvres_controller.go:27.38,33.16 6 2
github.com/ax-vasquez/wedding-site-api/controllers/hors_doeuvres_controller.go:33.16,36.17 3 1
github.com/ax-vasquez/wedding-site-api/controllers/hors_doeuvres_controller.go:36.17,38.4 1 0
github.com/ax-vasquez/wedding-site-api/controllers/hors_doeuvres_controller.go:39.8,42.17 3 1
github.com/ax-vasquez/wedding-site-api/controllers/hors_doeuvres_controller.go:42.17,44.4 1 0
github.com/ax-vasquez/wedding-site-api/controllers/hors_doeuvres_controller.go:46.2,51.26 4 2
github.com/ax-vasquez/wedding-site-api/controllers/hors_doeuvres_controller.go:59.41,64.57 4 1
github.com/ax-vasquez/wedding-site-api/controllers/hors_doeuvres_controller.go:64.57,67.3 2 0
github.com/ax-vasquez/wedding-site-api/controllers/hors_doeuvres_controller.go:67.8,69.17 2 1
github.com/ax-vasquez/wedding-site-api/controllers/hors_doeuvres_controller.go:69.17,73.4 3 0
github.com/ax-vasquez/wedding-site-api/controllers/hors_doeuvres_controller.go:73.9,77.4 3 1
github.com/ax-vasquez/wedding-site-api/controllers/hors_doeuvres_controller.go:79.2,80.26 2 1
github.com/ax-vasquez/wedding-site-api/controllers/hors_doeuvres_controller.go:84.41,89.16 5 1
github.com/ax-vasquez/wedding-site-api/controllers/hors_doeuvres_controller.go:89.16,93.3 3 0
github.com/ax-vasquez/wedding-site-api/controllers/hors_doeuvres_controller.go:93.8,97.3 3 1
github.com/ax-vasquez/wedding-site-api/controllers/hors_doeuvres_controller.go:98.2,99.26 2 1
github.com/ax-vasquez/wedding-site-api/controllers/user_controller.go:35.31,40.42 5 1
github.com/ax-vasquez/wedding-site-api/controllers/user_controller.go:40.42,43.3 2 1
github.com/ax-vasquez/wedding-site-api/controllers/user_controller.go:44.2,45.16 2 1
github.com/ax-vasquez/wedding-site-api/controllers/user_controller.go:45.16,47.3 1 0
github.com/ax-vasquez/wedding-site-api/controllers/user_controller.go:47.8,49.3 1 1
github.com/ax-vasquez/wedding-site-api/controllers/user_controller.go:50.2,52.26 3 1
github.com/ax-vasquez/wedding-site-api/controllers/user_controller.go:56.34,60.57 4 1
github.com/ax-vasquez/wedding-site-api/controllers/user_controller.go:60.57,63.3 2 0
github.com/ax-vasquez/wedding-site-api/controllers/user_controller.go:63.8,66.17 3 1
github.com/ax-vasquez/wedding-site-api/controllers/user_controller.go:66.17,70.4 3 0
github.com/ax-vasquez/wedding-site-api/controllers/user_controller.go:70.9,74.4 3 1
github.com/ax-vasquez/wedding-site-api/controllers/user_controller.go:76.2,77.26 2 1
github.com/ax-vasquez/wedding-site-api/controllers/user_controller.go:81.33,85.57 4 1
github.com/ax-vasquez/wedding-site-api/controllers/user_controller.go:85.57,88.3 2 0
github.com/ax-vasquez/wedding-site-api/controllers/user_controller.go:88.8,103.17 3 1
github.com/ax-vasquez/wedding-site-api/controllers/user_controller.go:103.17,107.4 3 0
github.com/ax-vasquez/wedding-site-api/controllers/user_controller.go:107.9,111.4 3 1
github.com/ax-vasquez/wedding-site-api/controllers/user_controller.go:113.2,114.26 2 1
github.com/ax-vasquez/wedding-site-api/controllers/user_controller.go:118.33,123.16 5 1
github.com/ax-vasquez/wedding-site-api/controllers/user_controller.go:123.16,127.3 3 0
github.com/ax-vasquez/wedding-site-api/controllers/user_controller.go:127.8,131.3 3 1
github.com/ax-vasquez/wedding-site-api/controllers/user_controller.go:132.2,133.26 2 1
github.com/ax-vasquez/wedding-site-api/controllers/user_invitee_controller.go:22.40,28.16 6 2
github.com/ax-vasquez/wedding-site-api/controllers/user_invitee_controller.go:28.16,30.3 1 1
github.com/ax-vasquez/wedding-site-api/controllers/user_invitee_controller.go:30.8,31.58 1 1
github.com/ax-vasquez/wedding-site-api/controllers/user_invitee_controller.go:31.58,34.4 2 0
github.com/ax-vasquez/wedding-site-api/controllers/user_invitee_controller.go:34.9,38.18 3 1
github.com/ax-vasquez/wedding-site-api/controllers/user_invitee_controller.go:38.18,42.5 3 0
github.com/ax-vasquez/wedding-site-api/controllers/user_invitee_controller.go:42.10,46.5 3 1
github.com/ax-vasquez/wedding-site-api/controllers/user_invitee_controller.go:50.2,51.26 2 2
github.com/ax-vasquez/wedding-site-api/controllers/user_invitee_controller.go:55.41,59.16 4 1
github.com/ax-vasquez/wedding-site-api/controllers/user_invitee_controller.go:59.17,61.3 0 0
github.com/ax-vasquez/wedding-site-api/controllers/user_invitee_controller.go:61.8,65.17 4 1
github.com/ax-vasquez/wedding-site-api/controllers/user_invitee_controller.go:65.17,67.4 1 0
github.com/ax-vasquez/wedding-site-api/controllers/user_invitee_controller.go:67.9,69.4 1 1
github.com/ax-vasquez/wedding-site-api/controllers/user_invitee_controller.go:71.2,71.26 1 1
github.com/ax-vasquez/wedding-site-api/controllers/user_invitee_controller.go:75.43,82.16 7 1
github.com/ax-vasquez/wedding-site-api/controllers/user_invitee_controller.go:82.16,84.3 1 0
github.com/ax-vasquez/wedding-site-api/controllers/user_invitee_controller.go:84.8,86.3 1 1
github.com/ax-vasquez/wedding-site-api/controllers/user_invitee_controller.go:87.2,87.26 1 1
